<?xml version="1.0" encoding="UTF-8"?>
<!-- Generated by org.testng.reporters.JUnitXMLReporter -->
<testsuite ignored="2" hostname="techcirclesMini" failures="0" tests="1" name="Default test" time="18.467" errors="0" timestamp="2022-03-03T20:38:21 EST">
  <testcase classname="Day13.myAccountLogin" name="LoginWithValidUsernamePassword" time="9.35"/>
  <testcase classname="Day13.myAccountLogin" name="LoginWithValidUsernameEmptyPassword" time="0.0">
    <ignored/>
  </testcase> <!-- LoginWithValidUsernameEmptyPassword -->
  <testcase classname="Day13.myAccountLogin" name="LoginWithInvalidUsernameInvalidPassword" time="0.0">
    <ignored/>
  </testcase> <!-- LoginWithInvalidUsernameInvalidPassword -->
</testsuite> <!-- Default test -->
