<?xml version="1.0" encoding="UTF-8"?>
<!-- Generated by org.testng.reporters.JUnitXMLReporter -->
<testsuite ignored="0" hostname="techcirclesMini" failures="0" tests="3" name="Default test" time="29.482" errors="0" timestamp="2022-03-02T20:00:42 EST">
  <testcase classname="Day12.myAccountLogin" name="LoginWithInvalidUsernameInvalidPassword" time="7.812"/>
  <testcase classname="Day12.myAccountLogin" name="LoginWithValidUsernameEmptyPassword" time="4.107"/>
  <testcase classname="Day12.myAccountLogin" name="LoginWithValidUsernamePassword" time="5.582"/>
</testsuite> <!-- Default test -->
