<?xml version="1.0" encoding="UTF-8"?>
<!-- Generated by org.testng.reporters.JUnitXMLReporter -->
<testsuite ignored="1" hostname="techcirclesMini" failures="0" tests="3" name="SmokeTest" time="0.074" errors="0" timestamp="2022-02-24T21:56:50 EST">
  <testcase classname="Day10.groupTests" name="test" time="0.009"/>
  <testcase classname="Day10.groupTests" name="test2" time="0.001"/>
  <testcase classname="Day10.groupTests" name="test3" time="0.001"/>
  <testcase classname="Day10.groupTests" name="test4" time="0.0">
    <ignored/>
  </testcase> <!-- test4 -->
</testsuite> <!-- SmokeTest -->
