<?xml version="1.0" encoding="UTF-8"?>
<!-- Generated by org.testng.reporters.JUnitXMLReporter -->
<testsuite ignored="0" hostname="techcirclesMini" failures="0" tests="3" name="Test" time="30.339" errors="0" timestamp="2022-03-02T20:08:25 EST">
  <testcase classname="Day12.myAccountLogin" name="LoginWithInvalidUsernameInvalidPassword" time="8.052"/>
  <testcase classname="Day12.myAccountLogin" name="LoginWithValidUsernameEmptyPassword" time="3.522"/>
  <testcase classname="Day12.myAccountLogin" name="LoginWithValidUsernamePassword" time="5.39"/>
</testsuite> <!-- Test -->
