<?xml version="1.0" encoding="UTF-8"?>
<!-- Generated by org.testng.reporters.JUnitXMLReporter -->
<testsuite ignored="0" hostname="techcirclesMini" failures="0" tests="3" name="Test" time="23.447" errors="0" timestamp="2022-03-03T19:23:20 EST">
  <testcase classname="Day12.myAccountLogin" name="LoginWithInvalidUsernameInvalidPassword" time="7.368"/>
  <testcase classname="Day12.myAccountLogin" name="LoginWithValidUsernameEmptyPassword" time="2.96"/>
  <testcase classname="Day12.myAccountLogin" name="LoginWithValidUsernamePassword" time="4.56"/>
</testsuite> <!-- Test -->
