<?xml version="1.0" encoding="UTF-8"?>
<testng-results ignored="1" total="4" passed="3" failed="0" skipped="0">
  <reporter-output>
  </reporter-output>
  <suite started-at="2022-02-24T21:56:50 EST" name="Suite" finished-at="2022-02-24T21:56:50 EST" duration-ms="74">
    <groups>
      <group name="Regression">
        <method signature="groupTests.test()[pri:0, instance:Day10.groupTests@12b0404f]" name="test" class="Day10.groupTests"/>
      </group> <!-- Regression -->
      <group name="Smoke">
        <method signature="groupTests.test()[pri:0, instance:Day10.groupTests@12b0404f]" name="test" class="Day10.groupTests"/>
        <method signature="groupTests.test2()[pri:0, instance:Day10.groupTests@12b0404f]" name="test2" class="Day10.groupTests"/>
        <method signature="groupTests.test3()[pri:0, instance:Day10.groupTests@12b0404f]" name="test3" class="Day10.groupTests"/>
      </group> <!-- Smoke -->
    </groups>
    <test started-at="2022-02-24T21:56:50 EST" name="SmokeTest" finished-at="2022-02-24T21:56:50 EST" duration-ms="74">
      <class name="Day10.groupTests">
        <test-method signature="test()[pri:0, instance:Day10.groupTests@12b0404f]" started-at="2022-02-24T21:56:50 EST" name="test" finished-at="2022-02-24T21:56:50 EST" duration-ms="9" status="PASS">
          <reporter-output>
          </reporter-output>
        </test-method> <!-- test -->
        <test-method signature="test2()[pri:0, instance:Day10.groupTests@12b0404f]" started-at="2022-02-24T21:56:50 EST" name="test2" finished-at="2022-02-24T21:56:50 EST" duration-ms="1" status="PASS">
          <reporter-output>
          </reporter-output>
        </test-method> <!-- test2 -->
        <test-method signature="test3()[pri:0, instance:Day10.groupTests@12b0404f]" started-at="2022-02-24T21:56:50 EST" name="test3" finished-at="2022-02-24T21:56:50 EST" duration-ms="1" status="PASS">
          <reporter-output>
          </reporter-output>
        </test-method> <!-- test3 -->
      </class> <!-- Day10.groupTests -->
    </test> <!-- SmokeTest -->
  </suite> <!-- Suite -->
</testng-results>
