<?xml version="1.0" encoding="UTF-8"?>
<testng-results ignored="2" total="3" passed="1" failed="0" skipped="0">
  <reporter-output>
  </reporter-output>
  <suite started-at="2022-03-03T20:38:03 EST" name="Default suite" finished-at="2022-03-03T20:38:21 EST" duration-ms="18467">
    <groups>
    </groups>
    <test started-at="2022-03-03T20:38:03 EST" name="Default test" finished-at="2022-03-03T20:38:21 EST" duration-ms="18467">
      <class name="Day13.myAccountLogin">
        <test-method is-config="true" signature="beforeTest()[pri:0, instance:Day13.myAccountLogin@10e92f8f]" started-at="2022-03-03T20:38:03 EST" name="beforeTest" finished-at="2022-03-03T20:38:12 EST" duration-ms="8902" status="PASS">
          <reporter-output>
          </reporter-output>
        </test-method> <!-- beforeTest -->
        <test-method signature="LoginWithValidUsernamePassword()[pri:0, instance:Day13.myAccountLogin@10e92f8f]" started-at="2022-03-03T20:38:12 EST" name="LoginWithValidUsernamePassword" finished-at="2022-03-03T20:38:21 EST" duration-ms="9350" status="PASS">
          <reporter-output>
          </reporter-output>
        </test-method> <!-- LoginWithValidUsernamePassword -->
        <test-method is-config="true" signature="tearDown()[pri:0, instance:Day13.myAccountLogin@10e92f8f]" started-at="2022-03-03T20:38:21 EST" name="tearDown" finished-at="2022-03-03T20:38:21 EST" duration-ms="159" status="PASS">
          <reporter-output>
          </reporter-output>
        </test-method> <!-- tearDown -->
      </class> <!-- Day13.myAccountLogin -->
    </test> <!-- Default test -->
  </suite> <!-- Default suite -->
</testng-results>
