<?xml version="1.0" encoding="UTF-8"?>
<!-- Generated by org.testng.reporters.JUnitReportReporter -->
<testsuite hostname="techcirclesMini" failures="0" tests="2" name="Day10.testingTestNGAnnotation" time="0.010" errors="0" timestamp="2022-02-24T20:23:10 EST" skipped="0">
  <testcase classname="Day10.testingTestNGAnnotation" name="test2" time="0.002"/>
  <system-out/>
  <testcase classname="Day10.testingTestNGAnnotation" name="test1" time="0.008"/>
  <system-out/>
</testsuite> <!-- Day10.testingTestNGAnnotation -->
